[     706ms] [WARNING] Invalid color passed for widgetBackgroundColor in theme.sidebar: "" @ http://localhost:8501/static/js/index.3bHSf9gi.js:45
[     706ms] [WARNING] Invalid color passed for widgetBorderColor in theme.sidebar: "" @ http://localhost:8501/static/js/index.3bHSf9gi.js:45
[     706ms] [WARNING] Invalid color passed for skeletonBackgroundColor in theme.sidebar: "" @ http://localhost:8501/static/js/index.3bHSf9gi.js:45
[     735ms] [WARNING] Invalid color passed for widgetBackgroundColor in theme.sidebar: "" @ http://localhost:8501/static/js/index.3bHSf9gi.js:45
[     735ms] [WARNING] Invalid color passed for widgetBorderColor in theme.sidebar: "" @ http://localhost:8501/static/js/index.3bHSf9gi.js:45
[     735ms] [WARNING] Invalid color passed for skeletonBackgroundColor in theme.sidebar: "" @ http://localhost:8501/static/js/index.3bHSf9gi.js:45
[   17609ms] [WARNING] Invalid color passed for widgetBackgroundColor in theme.sidebar: "" @ http://localhost:8501/static/js/index.3bHSf9gi.js:45
[   17609ms] [WARNING] Invalid color passed for widgetBorderColor in theme.sidebar: "" @ http://localhost:8501/static/js/index.3bHSf9gi.js:45
[   17609ms] [WARNING] Invalid color passed for skeletonBackgroundColor in theme.sidebar: "" @ http://localhost:8501/static/js/index.3bHSf9gi.js:45
[   17699ms] [WARNING] Invalid color passed for widgetBackgroundColor in theme.sidebar: "" @ http://localhost:8501/static/js/index.3bHSf9gi.js:45
[   17699ms] [WARNING] Invalid color passed for widgetBorderColor in theme.sidebar: "" @ http://localhost:8501/static/js/index.3bHSf9gi.js:45
[   17699ms] [WARNING] Invalid color passed for skeletonBackgroundColor in theme.sidebar: "" @ http://localhost:8501/static/js/index.3bHSf9gi.js:45
[   17720ms] [WARNING] Invalid color passed for widgetBackgroundColor in theme.sidebar: "" @ http://localhost:8501/static/js/index.3bHSf9gi.js:45
[   17720ms] [WARNING] Invalid color passed for widgetBorderColor in theme.sidebar: "" @ http://localhost:8501/static/js/index.3bHSf9gi.js:45
[   17720ms] [WARNING] Invalid color passed for skeletonBackgroundColor in theme.sidebar: "" @ http://localhost:8501/static/js/index.3bHSf9gi.js:45
[  104033ms] [WARNING] Invalid color passed for widgetBackgroundColor in theme.sidebar: "" @ http://localhost:8501/static/js/index.3bHSf9gi.js:45
[  104033ms] [WARNING] Invalid color passed for widgetBorderColor in theme.sidebar: "" @ http://localhost:8501/static/js/index.3bHSf9gi.js:45
[  104033ms] [WARNING] Invalid color passed for skeletonBackgroundColor in theme.sidebar: "" @ http://localhost:8501/static/js/index.3bHSf9gi.js:45
[  130851ms] [WARNING] Invalid color passed for widgetBackgroundColor in theme.sidebar: "" @ http://localhost:8501/static/js/index.3bHSf9gi.js:45
[  130851ms] [WARNING] Invalid color passed for widgetBorderColor in theme.sidebar: "" @ http://localhost:8501/static/js/index.3bHSf9gi.js:45
[  130851ms] [WARNING] Invalid color passed for skeletonBackgroundColor in theme.sidebar: "" @ http://localhost:8501/static/js/index.3bHSf9gi.js:45
[  130864ms] [WARNING] Invalid color passed for widgetBackgroundColor in theme.sidebar: "" @ http://localhost:8501/static/js/index.3bHSf9gi.js:45
[  130864ms] [WARNING] Invalid color passed for widgetBorderColor in theme.sidebar: "" @ http://localhost:8501/static/js/index.3bHSf9gi.js:45
[  130864ms] [WARNING] Invalid color passed for skeletonBackgroundColor in theme.sidebar: "" @ http://localhost:8501/static/js/index.3bHSf9gi.js:45
[  130875ms] [WARNING] Invalid color passed for widgetBackgroundColor in theme.sidebar: "" @ http://localhost:8501/static/js/index.3bHSf9gi.js:45
[  130875ms] [WARNING] Invalid color passed for widgetBorderColor in theme.sidebar: "" @ http://localhost:8501/static/js/index.3bHSf9gi.js:45
[  130875ms] [WARNING] Invalid color passed for skeletonBackgroundColor in theme.sidebar: "" @ http://localhost:8501/static/js/index.3bHSf9gi.js:45
[  130941ms] [WARNING] Invalid color passed for widgetBackgroundColor in theme.sidebar: "" @ http://localhost:8501/static/js/index.3bHSf9gi.js:45
[  130941ms] [WARNING] Invalid color passed for widgetBorderColor in theme.sidebar: "" @ http://localhost:8501/static/js/index.3bHSf9gi.js:45
[  130941ms] [WARNING] Invalid color passed for skeletonBackgroundColor in theme.sidebar: "" @ http://localhost:8501/static/js/index.3bHSf9gi.js:45
[  130954ms] [WARNING] Invalid color passed for widgetBackgroundColor in theme.sidebar: "" @ http://localhost:8501/static/js/index.3bHSf9gi.js:45
[  130954ms] [WARNING] Invalid color passed for widgetBorderColor in theme.sidebar: "" @ http://localhost:8501/static/js/index.3bHSf9gi.js:45
[  130954ms] [WARNING] Invalid color passed for skeletonBackgroundColor in theme.sidebar: "" @ http://localhost:8501/static/js/index.3bHSf9gi.js:45
[  130982ms] [WARNING] Invalid color passed for widgetBackgroundColor in theme.sidebar: "" @ http://localhost:8501/static/js/index.3bHSf9gi.js:45
[  130983ms] [WARNING] Invalid color passed for widgetBorderColor in theme.sidebar: "" @ http://localhost:8501/static/js/index.3bHSf9gi.js:45
[  130983ms] [WARNING] Invalid color passed for skeletonBackgroundColor in theme.sidebar: "" @ http://localhost:8501/static/js/index.3bHSf9gi.js:45
